\BOOKMARK [0][-]{chapter.1}{Einf\374hrung}{}% 1
\BOOKMARK [1][-]{section.1.1}{Verwandte Arbeiten}{chapter.1}% 2
\BOOKMARK [0][-]{chapter.2}{Grundlagen und Verwandte Arbeiten}{}% 3
\BOOKMARK [1][-]{section.2.1}{Rust}{chapter.2}% 4
\BOOKMARK [2][-]{subsection.2.1.1}{Motivation}{section.2.1}% 5
\BOOKMARK [2][-]{subsection.2.1.2}{Grundlegende Eigenschaften der Sprache}{section.2.1}% 6
\BOOKMARK [2][-]{subsection.2.1.3}{Architektur/Compiler}{section.2.1}% 7
\BOOKMARK [1][-]{section.2.2}{SPARC}{chapter.2}% 8
\BOOKMARK [1][-]{section.2.3}{Invasives Computing}{chapter.2}% 9
\BOOKMARK [0][-]{chapter.3}{Entwurf und Implementierung}{}% 10
\BOOKMARK [1][-]{section.3.1}{Rust auf der SPARC LEON Architektur}{chapter.3}% 11
\BOOKMARK [1][-]{section.3.2}{Erstellung des octorust Hilfsprogramms}{chapter.3}% 12
\BOOKMARK [2][-]{subsection.3.2.1}{Struktur eines Cargo-Projekts}{section.3.2}% 13
\BOOKMARK [2][-]{subsection.3.2.2}{Kompilieren}{section.3.2}% 14
\BOOKMARK [1][-]{section.3.3}{octolib}{chapter.3}% 15
\BOOKMARK [2][-]{subsection.3.3.1}{Struktur}{section.3.3}% 16
\BOOKMARK [2][-]{subsection.3.3.2}{Direkte C-Rust Bindings}{section.3.3}% 17
\BOOKMARK [1][-]{section.3.4}{Rust-spezifische Verbesserungen}{chapter.3}% 18
\BOOKMARK [0][-]{chapter.4}{Evaluation}{}% 19
\BOOKMARK [1][-]{section.4.1}{Laufzeitverhalten und Dateigr\366\337e}{chapter.4}% 20
\BOOKMARK [2][-]{subsection.4.1.1}{Vergleich der Anlaufzeit}{section.4.1}% 21
\BOOKMARK [2][-]{subsection.4.1.2}{Berechnen von Primzahlen}{section.4.1}% 22
\BOOKMARK [2][-]{subsection.4.1.3}{M\374ll-Ersteller}{section.4.1}% 23
\BOOKMARK [1][-]{section.4.2}{Sicherheit}{chapter.4}% 24
\BOOKMARK [2][-]{subsection.4.2.1}{Undefiniertes Verhalten}{section.4.2}% 25
\BOOKMARK [1][-]{section.4.3}{Abstraktionen}{chapter.4}% 26
\BOOKMARK [1][-]{section.4.4}{Minimales Infect}{chapter.4}% 27
\BOOKMARK [1][-]{section.4.5}{Cleanup}{chapter.4}% 28
\BOOKMARK [1][-]{section.4.6}{Closures}{chapter.4}% 29
\BOOKMARK [0][-]{chapter.5}{Fazit und Ausblick}{}% 30
\BOOKMARK [1][-]{section.5.1}{Fazit}{chapter.5}% 31
\BOOKMARK [1][-]{section.5.2}{Ausblick}{chapter.5}% 32
